CONFIG
├── data
│   └── _target_: src.smart.datamodules.MultiDataModule                                                                                                                                         
│       train_batch_size: 10                                                                                                                                                                    
│       val_batch_size: 10                                                                                                                                                                      
│       test_batch_size: 10                                                                                                                                                                     
│       num_workers: 10                                                                                                                                                                         
│       shuffle: true                                                                                                                                                                           
│       pin_memory: true                                                                                                                                                                        
│       persistent_workers: true                                                                                                                                                                
│       train_raw_dir: /scratch/cache/SMART/training                                                                                                                                            
│       val_raw_dir: /scratch/cache/SMART/validation                                                                                                                                            
│       val_tfrecords_splitted: /scratch/cache/SMART/validation_tfrecords_splitted                                                                                                              
│       test_raw_dir: /scratch/cache/SMART/testing                                                                                                                                              
│       train_max_num: 32                                                                                                                                                                       
│                                                                                                                                                                                               
├── model
│   └── _target_: src.smart.model.smart.SMART                                                                                                                                                   
│       model_config:                                                                                                                                                                           
│         lr: 0.0005                                                                                                                                                                            
│         lr_warmup_steps: 0                                                                                                                                                                    
│         lr_total_steps: 64                                                                                                                                                                    
│         lr_min_ratio: 0.01                                                                                                                                                                    
│         n_rollout_closed_val: 32                                                                                                                                                              
│         n_batch_wosac_metric: 10                                                                                                                                                              
│         n_vis_batch: 2                                                                                                                                                                        
│         n_vis_scenario: 5                                                                                                                                                                     
│         n_vis_rollout: 5                                                                                                                                                                      
│         val_open_loop: true                                                                                                                                                                   
│         val_closed_loop: true                                                                                                                                                                 
│         token_processor:                                                                                                                                                                      
│           map_token_file: map_traj_token5.pkl                                                                                                                                                 
│           agent_token_file: agent_vocab_555_s2.pkl                                                                                                                                            
│           map_token_sampling:                                                                                                                                                                 
│             num_k: 1                                                                                                                                                                          
│             temp: 1.0                                                                                                                                                                         
│           agent_token_sampling:                                                                                                                                                               
│             num_k: 1                                                                                                                                                                          
│             temp: 1.0                                                                                                                                                                         
│         validation_rollout_sampling:                                                                                                                                                          
│           criterium: topk_prob                                                                                                                                                                
│           num_k: 5                                                                                                                                                                            
│           temp: 1.0                                                                                                                                                                           
│         training_rollout_sampling:                                                                                                                                                            
│           criterium: topk_prob                                                                                                                                                                
│           num_k: -1                                                                                                                                                                           
│           temp: 1.0                                                                                                                                                                           
│         decoder:                                                                                                                                                                              
│           hidden_dim: 128                                                                                                                                                                     
│           num_freq_bands: 64                                                                                                                                                                  
│           num_heads: 8                                                                                                                                                                        
│           head_dim: 16                                                                                                                                                                        
│           dropout: 0.1                                                                                                                                                                        
│           hist_drop_prob: 0.1                                                                                                                                                                 
│           num_map_layers: 3                                                                                                                                                                   
│           num_agent_layers: 6                                                                                                                                                                 
│           pl2pl_radius: 10                                                                                                                                                                    
│           pl2a_radius: 30                                                                                                                                                                     
│           a2a_radius: 60                                                                                                                                                                      
│           time_span: 30                                                                                                                                                                       
│           num_historical_steps: 11                                                                                                                                                            
│           num_future_steps: 80                                                                                                                                                                
│         wosac_submission:                                                                                                                                                                     
│           is_active: false                                                                                                                                                                    
│           method_name: SMART-tiny-CLSFT                                                                                                                                                       
│           authors:                                                                                                                                                                            
│           - Anonymous                                                                                                                                                                         
│           affiliation: YOUR_AFFILIATION                                                                                                                                                       
│           description: YOUR_DESCRIPTION                                                                                                                                                       
│           method_link: YOUR_METHOD_LINK                                                                                                                                                       
│           account_name: YOUR_ACCOUNT_NAME                                                                                                                                                     
│         training_loss:                                                                                                                                                                        
│           use_gt_raw: true                                                                                                                                                                    
│           gt_thresh_scale_length: -1.0                                                                                                                                                        
│           label_smoothing: 0.1                                                                                                                                                                
│           rollout_as_gt: false                                                                                                                                                                
│         finetune: false                                                                                                                                                                       
│                                                                                                                                                                                               
├── callbacks
│   └── model_checkpoint:                                                                                                                                                                       
│         _target_: lightning.pytorch.callbacks.ModelCheckpoint                                                                                                                                 
│         dirpath: /data1/lqf/behavior_simulation/catk/scripts/logs/pre_bc-debug/runs/2025-07-01_10-50-09/checkpoints                                                                           
│         filename: epoch_{epoch:03d}                                                                                                                                                           
│         monitor: null                                                                                                                                                                         
│         verbose: false                                                                                                                                                                        
│         save_last: link                                                                                                                                                                       
│         save_top_k: 1                                                                                                                                                                         
│         mode: min                                                                                                                                                                             
│         auto_insert_metric_name: false                                                                                                                                                        
│         save_weights_only: false                                                                                                                                                              
│         every_n_train_steps: null                                                                                                                                                             
│         train_time_interval: null                                                                                                                                                             
│         every_n_epochs: 1                                                                                                                                                                     
│         save_on_train_epoch_end: null                                                                                                                                                         
│       model_summary:                                                                                                                                                                          
│         _target_: lightning.pytorch.callbacks.RichModelSummary                                                                                                                                
│         max_depth: -1                                                                                                                                                                         
│       learning_rate_monitor:                                                                                                                                                                  
│         _target_: lightning.pytorch.callbacks.LearningRateMonitor                                                                                                                             
│         logging_interval: epoch                                                                                                                                                               
│                                                                                                                                                                                               
├── logger
│   └── wandb:                                                                                                                                                                                  
│         _target_: lightning.pytorch.loggers.wandb.WandbLogger                                                                                                                                 
│         name: pre_bc-debug                                                                                                                                                                    
│         save_dir: /data1/lqf/behavior_simulation/catk/scripts/logs/pre_bc-debug/runs/2025-07-01_10-50-09                                                                                      
│         offline: false                                                                                                                                                                        
│         id: null                                                                                                                                                                              
│         anonymous: null                                                                                                                                                                       
│         project: clsft-catk                                                                                                                                                                   
│         log_model: false                                                                                                                                                                      
│         prefix: ''                                                                                                                                                                            
│         entity: YOUR_ENTITY                                                                                                                                                                   
│         group: ''                                                                                                                                                                             
│         tags: []                                                                                                                                                                              
│         job_type: ''                                                                                                                                                                          
│         resume: allow                                                                                                                                                                         
│                                                                                                                                                                                               
├── trainer
│   └── _target_: lightning.pytorch.trainer.Trainer                                                                                                                                             
│       default_root_dir: /data1/lqf/behavior_simulation/catk/scripts/logs/pre_bc-debug/runs/2025-07-01_10-50-09                                                                                
│       limit_train_batches: 1.0                                                                                                                                                                
│       limit_val_batches: 0.1                                                                                                                                                                  
│       limit_test_batches: 1.0                                                                                                                                                                 
│       max_epochs: 64                                                                                                                                                                          
│       accelerator: gpu                                                                                                                                                                        
│       devices: -1                                                                                                                                                                             
│       precision: 32-true                                                                                                                                                                      
│       check_val_every_n_epoch: 1                                                                                                                                                              
│       deterministic: false                                                                                                                                                                    
│       gradient_clip_val: 0.5                                                                                                                                                                  
│       num_sanity_val_steps: 0                                                                                                                                                                 
│       accumulate_grad_batches: 1                                                                                                                                                              
│       log_every_n_steps: 1                                                                                                                                                                    
│       strategy: auto                                                                                                                                                                          
│                                                                                                                                                                                               
├── paths
│   └── root_dir: /data1/lqf/behavior_simulation/catk/scripts                                                                                                                                   
│       log_dir: /data1/lqf/behavior_simulation/catk/scripts/logs/                                                                                                                              
│       output_dir: /data1/lqf/behavior_simulation/catk/scripts/logs/pre_bc-debug/runs/2025-07-01_10-50-09                                                                                      
│       cache_root: /scratch/cache/SMART                                                                                                                                                        
│                                                                                                                                                                                               
├── action
│   └── fit                                                                                                                                                                                     
├── task_name
│   └── pre_bc-debug                                                                                                                                                                            
├── ckpt_path
│   └── None                                                                                                                                                                                    
├── train_log_dir
│   └── None                                                                                                                                                                                    
└── seed
    └── 817                                                                                                                                                                                     
